<?xml version="1.0" encoding="UTF-8"?>
<!-- Generated by org.testng.reporters.JUnitReportReporter -->
<testsuite hostname="basekun-PC" name="tests.MyFirstClass" tests="1" failures="1" timestamp="23 Oct 2018 13:29:16 GMT" time="0.001" errors="0">
  <testcase name="openMyBlog" time="0.001" classname="tests.MyFirstClass">
    <failure type="org.openqa.selenium.WebDriverException" message="Failed to connect to binary FirefoxBinary(C:\Program Files\Mozilla Firefox\firefox.exe) on port 7055; process output follows: 
&quot;active&quot;:false,&quot;userDisabled&quot;:true,&quot;appDisabled&quot;:true,&quot;descriptor&quot;:&quot;C:\\Program Files\\HP\\Digital Imaging\\Smart Web Printing\\MozillaAddOn3&quot;,&quot;installDate&quot;:1366421692883,&quot;updateDate&quot;:1366421692883,&quot;applyBackgroundUpdates&quot;:1,&quot;bootstrap&quot;:false,&quot;size&quot;:17569696,&quot;sourceURI&quot;:null,&quot;releaseNotesURI&quot;:null,&quot;softDisabled&quot;:false,&quot;foreignInstall&quot;:true,&quot;hasBinaryComponents&quot;:false,&quot;strictCompatibility&quot;:false,&quot;locales&quot;:[],&quot;targetApplications&quot;:[{&quot;id&quot;:&quot;{ec8030f7-c20a-464f-9b0e-13a3a9e97384}&quot;,&quot;minVersion&quot;:&quot;3.0.0.0&quot;,&quot;maxVersion&quot;:&quot;3.*.*.*&quot;}],&quot;targetPlatforms&quot;:[{&quot;os&quot;:&quot;WINNT&quot;,&quot;abi&quot;:&quot;x86-msvc&quot;}],&quot;multiprocessCompatible&quot;:false,&quot;signedState&quot;:0}
1540301343465	addons.xpi	DEBUG	Updating XPIState for {&quot;id&quot;:&quot;{972ce4c6-7e08-4474-a285-3208198ce6fd}&quot;,&quot;syncGUID&quot;:&quot;Q0vvJKRC8ihL&quot;,&quot;location&quot;:&quot;app-global&quot;,&quot;version&quot;:&quot;43.0.1&quot;,&quot;type&quot;:&quot;theme&quot;,&quot;internalName&quot;:&quot;classic/1.0&quot;,&quot;updateURL&quot;:null,&quot;updateKey&quot;:null,&quot;optionsURL&quot;:null,&quot;optionsType&quot;:null,&quot;aboutURL&quot;:null,&quot;iconURL&quot;:null,&quot;icon64URL&quot;:null,&quot;defaultLocale&quot;:{&quot;name&quot;:&quot;Default&quot;,&quot;description&quot;:&quot;The default theme.&quot;,&quot;creator&quot;:&quot;Mozilla&quot;,&quot;homepageURL&quot;:null,&quot;contributors&quot;:[&quot;Mozilla Contributors&quot;]},&quot;visible&quot;:true,&quot;active&quot;:true,&quot;userDisabled&quot;:false,&quot;appDisabled&quot;:false,&quot;descriptor&quot;:&quot;C:\\Program Files\\Mozilla Firefox\\browser\\extensions\\{972ce4c6-7e08-4474-a285-3208198ce6fd}&quot;,&quot;installDate&quot;:1521663737009,&quot;updateDate&quot;:1521663737009,&quot;applyBackgroundUpdates&quot;:1,&quot;skinnable&quot;:true,&quot;size&quot;:24172,&quot;sourceURI&quot;:null,&quot;releaseNotesURI&quot;:null,&quot;softDisabled&quot;:false,&quot;foreignInstall&quot;:false,&quot;hasBinaryComponents&quot;:false,&quot;strictCompatibility&quot;:true,&quot;locales&quot;:[],&quot;targetApplications&quot;:[{&quot;id&quot;:&quot;{ec8030f7-c20a-464f-9b0e-13a3a9e97384}&quot;,&quot;minVersion&quot;:&quot;43.0.1&quot;,&quot;maxVersion&quot;:&quot;43.0.1&quot;}],&quot;targetPlatforms&quot;:[]}
1540301343465	addons.xpi	DEBUG	getModTime: Recursive scan of {972ce4c6-7e08-4474-a285-3208198ce6fd}
1540301343467	addons.xpi	DEBUG	Updating XPIState for {&quot;id&quot;:&quot;fftmtoolbar@trendmicro.com&quot;,&quot;syncGUID&quot;:&quot;cKq573VDlVo5&quot;,&quot;location&quot;:&quot;winreg-app-global&quot;,&quot;version&quot;:&quot;15.0.0.1151&quot;,&quot;type&quot;:&quot;webextension&quot;,&quot;internalName&quot;:null,&quot;updateURL&quot;:null,&quot;updateKey&quot;:null,&quot;optionsURL&quot;:null,&quot;optionsType&quot;:null,&quot;aboutURL&quot;:null,&quot;iconURL&quot;:null,&quot;icon64URL&quot;:null,&quot;defaultLocale&quot;:{&quot;name&quot;:&quot;__MSG_toolbar_name__&quot;,&quot;description&quot;:&quot;__MSG_toolbar_description__&quot;,&quot;creator&quot;:null,&quot;homepageURL&quot;:null,&quot;developers&quot;:null,&quot;translators&quot;:null,&quot;contributors&quot;:null},&quot;visible&quot;:true,&quot;active&quot;:false,&quot;userDisabled&quot;:true,&quot;appDisabled&quot;:false,&quot;descriptor&quot;:&quot;C:\\Program Files\\Trend Micro\\Titanium\\UIFramework\\Toolbar\\firefoxextension&quot;,&quot;installDate&quot;:1540172640437,&quot;updateDate&quot;:1540172640437,&quot;applyBackgroundUpdates&quot;:1,&quot;bootstrap&quot;:true,&quot;size&quot;:3430728,&quot;sourceURI&quot;:null,&quot;releaseNotesURI&quot;:null,&quot;softDisabled&quot;:false,&quot;foreignInstall&quot;:true,&quot;hasBinaryComponents&quot;:false,&quot;strictCompatibility&quot;:true,&quot;locales&quot;:[],&quot;targetApplications&quot;:[{&quot;id&quot;:&quot;toolkit@mozilla.org&quot;,&quot;minVersion&quot;:&quot;42a1&quot;,&quot;maxVersion&quot;:&quot;*&quot;}],&quot;targetPlatforms&quot;:[],&quot;multiprocessCompatible&quot;:true,&quot;signedState&quot;:2}
1540301343467	DeferredSave.extensions.json	DEBUG	Save changes
1540301343467	addons.xpi	DEBUG	Updating database with changes to installed add-ons
1540301343468	addons.xpi-utils	DEBUG	Updating add-on states
1540301343470	addons.xpi-utils	DEBUG	Writing add-ons list
1540301343490	addons.manager	DEBUG	Registering shutdown blocker for XPIProvider
1540301343491	addons.manager	DEBUG	Provider finished startup: XPIProvider
1540301343491	addons.manager	DEBUG	Starting provider: LightweightThemeManager
1540301343491	addons.manager	DEBUG	Registering shutdown blocker for LightweightThemeManager
1540301343491	addons.manager	DEBUG	Provider finished startup: LightweightThemeManager
1540301343492	addons.manager	DEBUG	Starting provider: GMPProvider
1540301343525	addons.manager	DEBUG	Registering shutdown blocker for GMPProvider
1540301343525	addons.manager	DEBUG	Provider finished startup: GMPProvider
1540301343525	addons.manager	DEBUG	Starting provider: PluginProvider
1540301343526	addons.manager	DEBUG	Registering shutdown blocker for PluginProvider
1540301343526	addons.manager	DEBUG	Provider finished startup: PluginProvider
1540301343526	addons.manager	DEBUG	Completed startup sequence

Build info: version: &#039;2.53.1&#039;, revision: &#039;a36b8b1cd5757287168e54b817830adce9b0158d&#039;, time: &#039;2016-06-30 19:26:09&#039;
System info: host: &#039;basekun-PC&#039;, ip: &#039;10.8.8.127&#039;, os.name: &#039;Windows 7&#039;, os.arch: &#039;x86&#039;, os.version: &#039;6.1&#039;, java.version: &#039;1.8.0_161&#039;
Driver info: driver.version: FirefoxDriver">
      <![CDATA[org.openqa.selenium.WebDriverException: Failed to connect to binary FirefoxBinary(C:\Program Files\Mozilla Firefox\firefox.exe) on port 7055; process output follows: 
"active":false,"userDisabled":true,"appDisabled":true,"descriptor":"C:\\Program Files\\HP\\Digital Imaging\\Smart Web Printing\\MozillaAddOn3","installDate":1366421692883,"updateDate":1366421692883,"applyBackgroundUpdates":1,"bootstrap":false,"size":17569696,"sourceURI":null,"releaseNotesURI":null,"softDisabled":false,"foreignInstall":true,"hasBinaryComponents":false,"strictCompatibility":false,"locales":[],"targetApplications":[{"id":"{ec8030f7-c20a-464f-9b0e-13a3a9e97384}","minVersion":"3.0.0.0","maxVersion":"3.*.*.*"}],"targetPlatforms":[{"os":"WINNT","abi":"x86-msvc"}],"multiprocessCompatible":false,"signedState":0}
1540301343465	addons.xpi	DEBUG	Updating XPIState for {"id":"{972ce4c6-7e08-4474-a285-3208198ce6fd}","syncGUID":"Q0vvJKRC8ihL","location":"app-global","version":"43.0.1","type":"theme","internalName":"classic/1.0","updateURL":null,"updateKey":null,"optionsURL":null,"optionsType":null,"aboutURL":null,"iconURL":null,"icon64URL":null,"defaultLocale":{"name":"Default","description":"The default theme.","creator":"Mozilla","homepageURL":null,"contributors":["Mozilla Contributors"]},"visible":true,"active":true,"userDisabled":false,"appDisabled":false,"descriptor":"C:\\Program Files\\Mozilla Firefox\\browser\\extensions\\{972ce4c6-7e08-4474-a285-3208198ce6fd}","installDate":1521663737009,"updateDate":1521663737009,"applyBackgroundUpdates":1,"skinnable":true,"size":24172,"sourceURI":null,"releaseNotesURI":null,"softDisabled":false,"foreignInstall":false,"hasBinaryComponents":false,"strictCompatibility":true,"locales":[],"targetApplications":[{"id":"{ec8030f7-c20a-464f-9b0e-13a3a9e97384}","minVersion":"43.0.1","maxVersion":"43.0.1"}],"targetPlatforms":[]}
1540301343465	addons.xpi	DEBUG	getModTime: Recursive scan of {972ce4c6-7e08-4474-a285-3208198ce6fd}
1540301343467	addons.xpi	DEBUG	Updating XPIState for {"id":"fftmtoolbar@trendmicro.com","syncGUID":"cKq573VDlVo5","location":"winreg-app-global","version":"15.0.0.1151","type":"webextension","internalName":null,"updateURL":null,"updateKey":null,"optionsURL":null,"optionsType":null,"aboutURL":null,"iconURL":null,"icon64URL":null,"defaultLocale":{"name":"__MSG_toolbar_name__","description":"__MSG_toolbar_description__","creator":null,"homepageURL":null,"developers":null,"translators":null,"contributors":null},"visible":true,"active":false,"userDisabled":true,"appDisabled":false,"descriptor":"C:\\Program Files\\Trend Micro\\Titanium\\UIFramework\\Toolbar\\firefoxextension","installDate":1540172640437,"updateDate":1540172640437,"applyBackgroundUpdates":1,"bootstrap":true,"size":3430728,"sourceURI":null,"releaseNotesURI":null,"softDisabled":false,"foreignInstall":true,"hasBinaryComponents":false,"strictCompatibility":true,"locales":[],"targetApplications":[{"id":"toolkit@mozilla.org","minVersion":"42a1","maxVersion":"*"}],"targetPlatforms":[],"multiprocessCompatible":true,"signedState":2}
1540301343467	DeferredSave.extensions.json	DEBUG	Save changes
1540301343467	addons.xpi	DEBUG	Updating database with changes to installed add-ons
1540301343468	addons.xpi-utils	DEBUG	Updating add-on states
1540301343470	addons.xpi-utils	DEBUG	Writing add-ons list
1540301343490	addons.manager	DEBUG	Registering shutdown blocker for XPIProvider
1540301343491	addons.manager	DEBUG	Provider finished startup: XPIProvider
1540301343491	addons.manager	DEBUG	Starting provider: LightweightThemeManager
1540301343491	addons.manager	DEBUG	Registering shutdown blocker for LightweightThemeManager
1540301343491	addons.manager	DEBUG	Provider finished startup: LightweightThemeManager
1540301343492	addons.manager	DEBUG	Starting provider: GMPProvider
1540301343525	addons.manager	DEBUG	Registering shutdown blocker for GMPProvider
1540301343525	addons.manager	DEBUG	Provider finished startup: GMPProvider
1540301343525	addons.manager	DEBUG	Starting provider: PluginProvider
1540301343526	addons.manager	DEBUG	Registering shutdown blocker for PluginProvider
1540301343526	addons.manager	DEBUG	Provider finished startup: PluginProvider
1540301343526	addons.manager	DEBUG	Completed startup sequence

Build info: version: '2.53.1', revision: 'a36b8b1cd5757287168e54b817830adce9b0158d', time: '2016-06-30 19:26:09'
System info: host: 'basekun-PC', ip: '10.8.8.127', os.name: 'Windows 7', os.arch: 'x86', os.version: '6.1', java.version: '1.8.0_161'
Driver info: driver.version: FirefoxDriver
	at org.openqa.selenium.firefox.internal.NewProfileExtensionConnection.start(NewProfileExtensionConnection.java:125)
	at org.openqa.selenium.firefox.FirefoxDriver.startClient(FirefoxDriver.java:271)
	at org.openqa.selenium.remote.RemoteWebDriver.<init>(RemoteWebDriver.java:119)
	at org.openqa.selenium.firefox.FirefoxDriver.<init>(FirefoxDriver.java:216)
	at org.openqa.selenium.firefox.FirefoxDriver.<init>(FirefoxDriver.java:211)
	at org.openqa.selenium.firefox.FirefoxDriver.<init>(FirefoxDriver.java:207)
	at org.openqa.selenium.firefox.FirefoxDriver.<init>(FirefoxDriver.java:120)
	at tests.MyFirstClass.beforeClass(MyFirstClass.java:24)
	at sun.reflect.NativeMethodAccessorImpl.invoke0(Native Method)
	at sun.reflect.NativeMethodAccessorImpl.invoke(NativeMethodAccessorImpl.java:62)
	at sun.reflect.DelegatingMethodAccessorImpl.invoke(DelegatingMethodAccessorImpl.java:43)
	at java.lang.reflect.Method.invoke(Method.java:498)
	at org.testng.internal.MethodInvocationHelper.invokeMethod(MethodInvocationHelper.java:80)
	at org.testng.internal.Invoker.invokeConfigurationMethod(Invoker.java:564)
	at org.testng.internal.Invoker.invokeConfigurations(Invoker.java:213)
	at org.testng.internal.Invoker.invokeConfigurations(Invoker.java:138)
	at org.testng.internal.TestMethodWorker.invokeBeforeClassMethods(TestMethodWorker.java:175)
	at org.testng.internal.TestMethodWorker.run(TestMethodWorker.java:107)
	at org.testng.TestRunner.privateRun(TestRunner.java:767)
	at org.testng.TestRunner.run(TestRunner.java:617)
	at org.testng.SuiteRunner.runTest(SuiteRunner.java:334)
	at org.testng.SuiteRunner.runSequentially(SuiteRunner.java:329)
	at org.testng.SuiteRunner.privateRun(SuiteRunner.java:291)
	at org.testng.SuiteRunner.run(SuiteRunner.java:240)
	at org.testng.SuiteRunnerWorker.runSuite(SuiteRunnerWorker.java:52)
	at org.testng.SuiteRunnerWorker.run(SuiteRunnerWorker.java:86)
	at org.testng.TestNG.runSuitesSequentially(TestNG.java:1198)
	at org.testng.TestNG.runSuitesLocally(TestNG.java:1123)
	at org.testng.TestNG.run(TestNG.java:1031)
	at org.testng.remote.AbstractRemoteTestNG.run(AbstractRemoteTestNG.java:114)
	at org.testng.remote.RemoteTestNG.initAndRun(RemoteTestNG.java:251)
	at org.testng.remote.RemoteTestNG.main(RemoteTestNG.java:77)
Caused by: org.openqa.selenium.firefox.NotConnectedException: Unable to connect to host 127.0.0.1 on port 7055 after 45000 ms. Firefox console output:
"active":false,"userDisabled":true,"appDisabled":true,"descriptor":"C:\\Program Files\\HP\\Digital Imaging\\Smart Web Printing\\MozillaAddOn3","installDate":1366421692883,"updateDate":1366421692883,"applyBackgroundUpdates":1,"bootstrap":false,"size":17569696,"sourceURI":null,"releaseNotesURI":null,"softDisabled":false,"foreignInstall":true,"hasBinaryComponents":false,"strictCompatibility":false,"locales":[],"targetApplications":[{"id":"{ec8030f7-c20a-464f-9b0e-13a3a9e97384}","minVersion":"3.0.0.0","maxVersion":"3.*.*.*"}],"targetPlatforms":[{"os":"WINNT","abi":"x86-msvc"}],"multiprocessCompatible":false,"signedState":0}
1540301343465	addons.xpi	DEBUG	Updating XPIState for {"id":"{972ce4c6-7e08-4474-a285-3208198ce6fd}","syncGUID":"Q0vvJKRC8ihL","location":"app-global","version":"43.0.1","type":"theme","internalName":"classic/1.0","updateURL":null,"updateKey":null,"optionsURL":null,"optionsType":null,"aboutURL":null,"iconURL":null,"icon64URL":null,"defaultLocale":{"name":"Default","description":"The default theme.","creator":"Mozilla","homepageURL":null,"contributors":["Mozilla Contributors"]},"visible":true,"active":true,"userDisabled":false,"appDisabled":false,"descriptor":"C:\\Program Files\\Mozilla Firefox\\browser\\extensions\\{972ce4c6-7e08-4474-a285-3208198ce6fd}","installDate":1521663737009,"updateDate":1521663737009,"applyBackgroundUpdates":1,"skinnable":true,"size":24172,"sourceURI":null,"releaseNotesURI":null,"softDisabled":false,"foreignInstall":false,"hasBinaryComponents":false,"strictCompatibility":true,"locales":[],"targetApplications":[{"id":"{ec8030f7-c20a-464f-9b0e-13a3a9e97384}","minVersion":"43.0.1","maxVersion":"43.0.1"}],"targetPlatforms":[]}
1540301343465	addons.xpi	DEBUG	getModTime: Recursive scan of {972ce4c6-7e08-4474-a285-3208198ce6fd}
1540301343467	addons.xpi	DEBUG	Updating XPIState for {"id":"fftmtoolbar@trendmicro.com","syncGUID":"cKq573VDlVo5","location":"winreg-app-global","version":"15.0.0.1151","type":"webextension","internalName":null,"updateURL":null,"updateKey":null,"optionsURL":null,"optionsType":null,"aboutURL":null,"iconURL":null,"icon64URL":null,"defaultLocale":{"name":"__MSG_toolbar_name__","description":"__MSG_toolbar_description__","creator":null,"homepageURL":null,"developers":null,"translators":null,"contributors":null},"visible":true,"active":false,"userDisabled":true,"appDisabled":false,"descriptor":"C:\\Program Files\\Trend Micro\\Titanium\\UIFramework\\Toolbar\\firefoxextension","installDate":1540172640437,"updateDate":1540172640437,"applyBackgroundUpdates":1,"bootstrap":true,"size":3430728,"sourceURI":null,"releaseNotesURI":null,"softDisabled":false,"foreignInstall":true,"hasBinaryComponents":false,"strictCompatibility":true,"locales":[],"targetApplications":[{"id":"toolkit@mozilla.org","minVersion":"42a1","maxVersion":"*"}],"targetPlatforms":[],"multiprocessCompatible":true,"signedState":2}
1540301343467	DeferredSave.extensions.json	DEBUG	Save changes
1540301343467	addons.xpi	DEBUG	Updating database with changes to installed add-ons
1540301343468	addons.xpi-utils	DEBUG	Updating add-on states
1540301343470	addons.xpi-utils	DEBUG	Writing add-ons list
1540301343490	addons.manager	DEBUG	Registering shutdown blocker for XPIProvider
1540301343491	addons.manager	DEBUG	Provider finished startup: XPIProvider
1540301343491	addons.manager	DEBUG	Starting provider: LightweightThemeManager
1540301343491	addons.manager	DEBUG	Registering shutdown blocker for LightweightThemeManager
1540301343491	addons.manager	DEBUG	Provider finished startup: LightweightThemeManager
1540301343492	addons.manager	DEBUG	Starting provider: GMPProvider
1540301343525	addons.manager	DEBUG	Registering shutdown blocker for GMPProvider
1540301343525	addons.manager	DEBUG	Provider finished startup: GMPProvider
1540301343525	addons.manager	DEBUG	Starting provider: PluginProvider
1540301343526	addons.manager	DEBUG	Registering shutdown blocker for PluginProvider
1540301343526	addons.manager	DEBUG	Provider finished startup: PluginProvider
1540301343526	addons.manager	DEBUG	Completed startup sequence

	at org.openqa.selenium.firefox.internal.NewProfileExtensionConnection.start(NewProfileExtensionConnection.java:113)
	... 31 more
]]>
    </failure>
  </testcase> <!-- openMyBlog -->
</testsuite> <!-- tests.MyFirstClass -->
