<?xml version="1.0" encoding="UTF-8"?>
<!-- Generated by org.testng.reporters.JUnitReportReporter -->
<testsuite hostname="basekun-PC" name="test.MyFirstClass" tests="1" failures="0" timestamp="26 Apr 2018 07:28:26 GMT" time="3.640" errors="0">
  <testcase name="openMyBlog" time="3.640" classname="test.MyFirstClass"/>
</testsuite> <!-- test.MyFirstClass -->
